2024-01-16 23:14:56,961 1 INFO ? odoo: Odoo version 17.0-20240115 
2024-01-16 23:14:56,961 1 INFO ? odoo: Using configuration file at /etc/odoo/odoo.conf 
2024-01-16 23:14:56,961 1 INFO ? odoo: addons paths: ['/usr/lib/python3/dist-packages/odoo/addons', '/etc/odoo/addons/17.0', '/mnt/extra-addons'] 
2024-01-16 23:14:56,961 1 INFO ? odoo: database: odoo@db:5432 
2024-01-16 23:14:57,021 1 INFO ? odoo.addons.base.models.ir_actions_report: Will use the Wkhtmltopdf binary at /usr/local/bin/wkhtmltopdf 
2024-01-16 23:14:57,147 1 INFO ? odoo.service.server: HTTP service (werkzeug) running on 6dd0dcaf1b89:8069 
2024-01-16 23:15:07,452 1 INFO ? werkzeug: 192.168.65.1 - - [16/Jan/2024 23:15:07] "GET / HTTP/1.1" 303 - 1 0.017 0.068
2024-01-16 23:15:07,483 1 INFO ? werkzeug: 192.168.65.1 - - [16/Jan/2024 23:15:07] "GET /web HTTP/1.1" 303 - 2 0.003 0.015
2024-01-16 23:15:07,729 1 INFO ? werkzeug: 192.168.65.1 - - [16/Jan/2024 23:15:07] "GET /web/database/selector HTTP/1.1" 200 - 2 0.003 0.239
2024-01-16 23:15:09,695 1 INFO ? werkzeug: 192.168.65.1 - - [16/Jan/2024 23:15:09] "GET /web/service-worker.js HTTP/1.1" 404 - 1 0.004 0.025
2024-01-16 23:15:29,982 1 INFO None odoo.service.db: Create database `odoo17`. 
2024-01-16 23:15:30,680 1 INFO odoo17 odoo.modules.loading: loading 1 modules... 
2024-01-16 23:15:30,681 1 INFO odoo17 odoo.modules.loading: Loading module base (1/1) 
2024-01-16 23:15:30,695 1 INFO odoo17 odoo.modules.registry: module base: creating or updating database tables 
2024-01-16 23:15:30,895 1 INFO odoo17 odoo.models: Prepare computation of ir.module.module.menus_by_module 
2024-01-16 23:15:30,896 1 INFO odoo17 odoo.models: Prepare computation of ir.module.module.reports_by_module 
2024-01-16 23:15:30,896 1 INFO odoo17 odoo.models: Prepare computation of ir.module.module.views_by_module 
2024-01-16 23:15:30,970 1 INFO odoo17 odoo.models: Prepare computation of res.partner.user_id 
2024-01-16 23:15:30,970 1 INFO odoo17 odoo.models: Prepare computation of res.partner.commercial_partner_id 
2024-01-16 23:15:30,970 1 INFO odoo17 odoo.models: Prepare computation of res.partner.complete_name 
2024-01-16 23:15:30,970 1 INFO odoo17 odoo.models: Prepare computation of res.partner.company_registry 
2024-01-16 23:15:30,970 1 INFO odoo17 odoo.models: Prepare computation of res.partner.commercial_company_name 
2024-01-16 23:15:30,971 1 INFO odoo17 odoo.models: Prepare computation of res.partner.partner_share 
2024-01-16 23:15:30,996 1 INFO odoo17 odoo.models: Prepare computation of res.currency.decimal_places 
2024-01-16 23:15:31,011 1 INFO odoo17 odoo.models: Prepare computation of res.company.uses_default_logo 
2024-01-16 23:15:31,011 1 INFO odoo17 odoo.models: Prepare computation of res.company.logo_web 
2024-01-16 23:15:31,013 1 INFO odoo17 odoo.models: Computing parent_path for table res_company... 
2024-01-16 23:15:31,027 1 INFO odoo17 odoo.models: Prepare computation of res.users.signature 
2024-01-16 23:15:31,027 1 INFO odoo17 odoo.models: Prepare computation of res.users.share 
2024-01-16 23:15:31,730 1 INFO odoo17 odoo.modules.loading: loading base/data/res_bank.xml 
2024-01-16 23:15:31,733 1 INFO odoo17 odoo.modules.loading: loading base/data/res.lang.csv 
2024-01-16 23:15:31,755 1 INFO odoo17 odoo.modules.loading: loading base/data/res_lang_data.xml 
2024-01-16 23:15:31,775 1 INFO odoo17 odoo.modules.loading: loading base/data/res_partner_data.xml 
2024-01-16 23:15:31,798 1 INFO odoo17 odoo.modules.loading: loading base/data/res_currency_data.xml 
2024-01-16 23:15:32,010 1 INFO odoo17 odoo.modules.loading: loading base/data/res_company_data.xml 
2024-01-16 23:15:32,014 1 INFO odoo17 odoo.modules.loading: loading base/data/res_users_data.xml 
2024-01-16 23:15:32,449 1 INFO odoo17 odoo.modules.loading: loading base/data/report_paperformat_data.xml 
2024-01-16 23:15:32,453 1 INFO odoo17 odoo.modules.loading: loading base/data/res_country_data.xml 
2024-01-16 23:15:32,607 1 INFO odoo17 odoo.modules.loading: loading base/data/ir_demo_data.xml 
2024-01-16 23:15:32,612 1 INFO odoo17 odoo.modules.loading: loading base/security/base_groups.xml 
2024-01-16 23:15:32,768 1 INFO odoo17 odoo.modules.loading: loading base/security/base_security.xml 
2024-01-16 23:15:32,807 1 INFO odoo17 odoo.modules.loading: loading base/views/base_menus.xml 
2024-01-16 23:15:32,834 1 INFO odoo17 odoo.modules.loading: loading base/views/decimal_precision_views.xml 
2024-01-16 23:15:32,840 1 INFO odoo17 odoo.modules.loading: loading base/views/res_config_views.xml 
2024-01-16 23:15:32,844 1 INFO odoo17 odoo.modules.loading: loading base/data/res.country.state.csv 
2024-01-16 23:15:33,238 1 INFO odoo17 odoo.modules.loading: loading base/views/ir_actions_views.xml 
2024-01-16 23:15:33,285 1 INFO odoo17 odoo.modules.loading: loading base/views/ir_asset_views.xml 
2024-01-16 23:15:33,291 1 INFO odoo17 odoo.modules.loading: loading base/views/ir_config_parameter_views.xml 
2024-01-16 23:15:33,298 1 INFO odoo17 odoo.modules.loading: loading base/views/ir_cron_views.xml 
2024-01-16 23:15:33,308 1 INFO odoo17 odoo.modules.loading: loading base/views/ir_cron_trigger_views.xml 
2024-01-16 23:15:33,314 1 INFO odoo17 odoo.modules.loading: loading base/views/ir_filters_views.xml 
2024-01-16 23:15:33,321 1 INFO odoo17 odoo.modules.loading: loading base/views/ir_mail_server_views.xml 
2024-01-16 23:15:33,328 1 INFO odoo17 odoo.modules.loading: loading base/views/ir_model_views.xml 
2024-01-16 23:15:33,381 1 INFO odoo17 odoo.modules.loading: loading base/views/ir_attachment_views.xml 
2024-01-16 23:15:33,389 1 INFO odoo17 odoo.modules.loading: loading base/views/ir_rule_views.xml 
2024-01-16 23:15:33,398 1 INFO odoo17 odoo.modules.loading: loading base/views/ir_sequence_views.xml 
2024-01-16 23:15:33,406 1 INFO odoo17 odoo.modules.loading: loading base/views/ir_ui_menu_views.xml 
2024-01-16 23:15:33,413 1 INFO odoo17 odoo.modules.loading: loading base/views/ir_ui_view_views.xml 
2024-01-16 23:15:33,429 1 INFO odoo17 odoo.modules.loading: loading base/views/ir_default_views.xml 
2024-01-16 23:15:33,436 1 INFO odoo17 odoo.modules.loading: loading base/data/ir_cron_data.xml 
2024-01-16 23:15:33,441 1 INFO odoo17 odoo.modules.loading: loading base/report/ir_model_report.xml 
2024-01-16 23:15:33,443 1 INFO odoo17 odoo.modules.loading: loading base/report/ir_model_templates.xml 
2024-01-16 23:15:33,446 1 INFO odoo17 odoo.modules.loading: loading base/views/ir_logging_views.xml 
2024-01-16 23:15:33,453 1 INFO odoo17 odoo.modules.loading: loading base/views/ir_qweb_widget_templates.xml 
2024-01-16 23:15:33,457 1 INFO odoo17 odoo.modules.loading: loading base/views/ir_module_views.xml 
2024-01-16 23:15:33,475 1 INFO odoo17 odoo.modules.loading: loading base/data/ir_module_category_data.xml 
2024-01-16 23:15:33,502 1 INFO odoo17 odoo.modules.loading: loading base/data/ir_module_module.xml 
2024-01-16 23:15:33,526 1 INFO odoo17 odoo.modules.loading: loading base/report/ir_module_reports.xml 
2024-01-16 23:15:33,528 1 INFO odoo17 odoo.modules.loading: loading base/report/ir_module_report_templates.xml 
2024-01-16 23:15:33,530 1 INFO odoo17 odoo.modules.loading: loading base/wizard/base_module_update_views.xml 
2024-01-16 23:15:33,535 1 INFO odoo17 odoo.modules.loading: loading base/wizard/base_language_install_views.xml 
2024-01-16 23:15:33,540 1 INFO odoo17 odoo.modules.loading: loading base/wizard/base_import_language_views.xml 
2024-01-16 23:15:33,544 1 INFO odoo17 odoo.modules.loading: loading base/wizard/base_module_upgrade_views.xml 
2024-01-16 23:15:33,551 1 INFO odoo17 odoo.modules.loading: loading base/wizard/base_module_uninstall_views.xml 
2024-01-16 23:15:33,554 1 INFO odoo17 odoo.modules.loading: loading base/wizard/base_export_language_views.xml 
2024-01-16 23:15:33,559 1 INFO odoo17 odoo.modules.loading: loading base/wizard/base_partner_merge_views.xml 
2024-01-16 23:15:33,564 1 INFO odoo17 odoo.modules.loading: loading base/data/ir_demo_failure_data.xml 
2024-01-16 23:15:33,569 1 INFO odoo17 odoo.modules.loading: loading base/views/ir_profile_views.xml 
2024-01-16 23:15:33,577 1 INFO odoo17 odoo.modules.loading: loading base/views/res_company_views.xml 
2024-01-16 23:15:33,584 1 INFO odoo17 odoo.modules.loading: loading base/views/res_lang_views.xml 
2024-01-16 23:15:33,592 1 INFO odoo17 odoo.modules.loading: loading base/views/res_partner_views.xml 
2024-01-16 23:15:33,628 1 INFO odoo17 odoo.modules.loading: loading base/views/res_bank_views.xml 
2024-01-16 23:15:33,638 1 INFO odoo17 odoo.modules.loading: loading base/views/res_country_views.xml 
2024-01-16 23:15:33,652 1 INFO odoo17 odoo.modules.loading: loading base/views/res_currency_views.xml 
2024-01-16 23:15:33,664 1 INFO odoo17 odoo.modules.loading: loading base/views/res_users_views.xml 
2024-01-16 23:15:33,703 1 INFO odoo17 odoo.modules.loading: loading base/views/res_users_identitycheck_views.xml 
2024-01-16 23:15:33,706 1 INFO odoo17 odoo.modules.loading: loading base/views/ir_property_views.xml 
2024-01-16 23:15:33,713 1 INFO odoo17 odoo.modules.loading: loading base/views/res_config_settings_views.xml 
2024-01-16 23:15:33,715 1 INFO odoo17 odoo.modules.loading: loading base/views/report_paperformat_views.xml 
2024-01-16 23:15:33,725 1 INFO odoo17 odoo.modules.loading: loading base/security/ir.model.access.csv 
2024-01-16 23:15:33,772 1 INFO odoo17 odoo.addons.base.models.ir_module: module base: loading translation file /usr/lib/python3/dist-packages/odoo/addons/base/i18n/es_419.po for language es_UY 
2024-01-16 23:15:33,772 1 INFO odoo17 odoo.tools.translate: loading base translation file /usr/lib/python3/dist-packages/odoo/addons/base/i18n/es_419.po for language es_UY 
2024-01-16 23:15:34,146 1 INFO odoo17 odoo.modules.loading: Module base loaded in 3.47s, 7928 queries (+7928 other) 
2024-01-16 23:15:34,146 1 INFO odoo17 odoo.modules.loading: 1 modules loaded in 3.47s, 7928 queries (+7928 extra) 
2024-01-16 23:15:34,161 1 INFO odoo17 odoo.addons.base.models.ir_module: module base: loading translation file /usr/lib/python3/dist-packages/odoo/addons/base/i18n/es_419.po for language es_UY 
2024-01-16 23:15:34,161 1 INFO odoo17 odoo.tools.translate: loading base translation file /usr/lib/python3/dist-packages/odoo/addons/base/i18n/es_419.po for language es_UY 
2024-01-16 23:15:34,506 1 INFO odoo17 odoo.modules.loading: updating modules list 
2024-01-16 23:15:34,506 1 INFO odoo17 odoo.addons.base.models.ir_module: ALLOW access to module.update_list on [] to user __system__ #1 via n/a 
2024-01-16 23:15:34,762 1 INFO odoo17 odoo.modules.loading: loading 11 modules... 
2024-01-16 23:15:34,762 1 INFO odoo17 odoo.modules.loading: Loading module web (2/11) 
2024-01-16 23:15:34,772 1 INFO odoo17 odoo.modules.registry: module web: creating or updating database tables 
2024-01-16 23:15:34,957 1 INFO odoo17 odoo.modules.loading: loading web/security/ir.model.access.csv 
2024-01-16 23:15:34,963 1 INFO odoo17 odoo.modules.loading: loading web/views/webclient_templates.xml 
2024-01-16 23:15:34,980 1 INFO odoo17 odoo.modules.loading: loading web/views/report_templates.xml 
2024-01-16 23:15:35,005 1 INFO odoo17 odoo.modules.loading: loading web/views/base_document_layout_views.xml 
2024-01-16 23:15:35,010 1 INFO odoo17 odoo.modules.loading: loading web/views/partner_view.xml 
2024-01-16 23:15:35,012 1 INFO odoo17 odoo.modules.loading: loading web/views/speedscope_template.xml 
2024-01-16 23:15:35,014 1 INFO odoo17 odoo.modules.loading: loading web/views/neutralize_views.xml 
2024-01-16 23:15:35,016 1 INFO odoo17 odoo.modules.loading: loading web/data/ir_attachment.xml 
2024-01-16 23:15:35,019 1 INFO odoo17 odoo.modules.loading: loading web/data/report_layout.xml 
2024-01-16 23:15:35,032 1 INFO odoo17 odoo.addons.base.models.ir_module: module web: loading translation file /usr/lib/python3/dist-packages/odoo/addons/web/i18n/es_419.po for language es_UY 
2024-01-16 23:15:35,032 1 INFO odoo17 odoo.tools.translate: loading base translation file /usr/lib/python3/dist-packages/odoo/addons/web/i18n/es_419.po for language es_UY 
2024-01-16 23:15:35,163 1 INFO odoo17 odoo.modules.loading: Module web loaded in 0.40s, 950 queries (+950 other) 
2024-01-16 23:15:35,163 1 INFO odoo17 odoo.modules.loading: Loading module auth_totp (3/11) 
2024-01-16 23:15:35,175 1 INFO odoo17 odoo.modules.registry: module auth_totp: creating or updating database tables 
2024-01-16 23:15:35,203 1 INFO odoo17 odoo.modules.loading: loading auth_totp/security/security.xml 
2024-01-16 23:15:35,212 1 INFO odoo17 odoo.modules.loading: loading auth_totp/security/ir.model.access.csv 
2024-01-16 23:15:35,216 1 INFO odoo17 odoo.modules.loading: loading auth_totp/data/ir_action_data.xml 
2024-01-16 23:15:35,219 1 INFO odoo17 odoo.modules.loading: loading auth_totp/views/res_users_views.xml 
2024-01-16 23:15:35,228 1 INFO odoo17 odoo.modules.loading: loading auth_totp/views/templates.xml 
2024-01-16 23:15:35,230 1 INFO odoo17 odoo.modules.loading: loading auth_totp/wizard/auth_totp_wizard_views.xml 
2024-01-16 23:15:35,235 1 INFO odoo17 odoo.addons.base.models.ir_module: module auth_totp: loading translation file /usr/lib/python3/dist-packages/odoo/addons/auth_totp/i18n/es_419.po for language es_UY 
2024-01-16 23:15:35,235 1 INFO odoo17 odoo.tools.translate: loading base translation file /usr/lib/python3/dist-packages/odoo/addons/auth_totp/i18n/es_419.po for language es_UY 
2024-01-16 23:15:35,245 1 INFO odoo17 odoo.modules.loading: Module auth_totp loaded in 0.08s, 179 queries (+179 other) 
2024-01-16 23:15:35,246 1 INFO odoo17 odoo.modules.loading: Loading module base_import (4/11) 
2024-01-16 23:15:35,266 1 INFO odoo17 odoo.modules.registry: module base_import: creating or updating database tables 
2024-01-16 23:15:35,446 1 INFO odoo17 odoo.modules.loading: loading base_import/security/ir.model.access.csv 
2024-01-16 23:15:35,452 1 INFO odoo17 odoo.addons.base.models.ir_module: module base_import: loading translation file /usr/lib/python3/dist-packages/odoo/addons/base_import/i18n/es_419.po for language es_UY 
2024-01-16 23:15:35,452 1 INFO odoo17 odoo.tools.translate: loading base translation file /usr/lib/python3/dist-packages/odoo/addons/base_import/i18n/es_419.po for language es_UY 
2024-01-16 23:15:35,461 1 INFO odoo17 odoo.modules.loading: Module base_import loaded in 0.22s, 757 queries (+757 other) 
2024-01-16 23:15:35,461 1 INFO odoo17 odoo.modules.loading: Loading module base_import_module (5/11) 
2024-01-16 23:15:35,469 1 INFO odoo17 odoo.modules.registry: module base_import_module: creating or updating database tables 
2024-01-16 23:15:35,500 1 INFO odoo17 odoo.modules.loading: loading base_import_module/security/ir.model.access.csv 
2024-01-16 23:15:35,505 1 INFO odoo17 odoo.modules.loading: loading base_import_module/views/base_import_module_view.xml 
2024-01-16 23:15:35,511 1 INFO odoo17 odoo.modules.loading: loading base_import_module/views/ir_module_views.xml 
2024-01-16 23:15:35,522 1 INFO odoo17 odoo.addons.base.models.ir_module: module base_import_module: loading translation file /usr/lib/python3/dist-packages/odoo/addons/base_import_module/i18n/es_419.po for language es_UY 
2024-01-16 23:15:35,522 1 INFO odoo17 odoo.tools.translate: loading base translation file /usr/lib/python3/dist-packages/odoo/addons/base_import_module/i18n/es_419.po for language es_UY 
2024-01-16 23:15:35,531 1 INFO odoo17 odoo.modules.loading: Module base_import_module loaded in 0.07s, 151 queries (+151 other) 
2024-01-16 23:15:35,531 1 INFO odoo17 odoo.modules.loading: Loading module base_setup (6/11) 
2024-01-16 23:15:35,539 1 INFO odoo17 odoo.modules.registry: module base_setup: creating or updating database tables 
2024-01-16 23:15:35,559 1 INFO odoo17 odoo.modules.loading: loading base_setup/data/base_setup_data.xml 
2024-01-16 23:15:35,561 1 INFO odoo17 odoo.modules.loading: loading base_setup/views/res_config_settings_views.xml 
2024-01-16 23:15:35,572 1 INFO odoo17 odoo.modules.loading: loading base_setup/views/res_partner_views.xml 
2024-01-16 23:15:35,576 1 INFO odoo17 odoo.addons.base.models.ir_module: module base_setup: loading translation file /usr/lib/python3/dist-packages/odoo/addons/base_setup/i18n/es_419.po for language es_UY 
2024-01-16 23:15:35,576 1 INFO odoo17 odoo.tools.translate: loading base translation file /usr/lib/python3/dist-packages/odoo/addons/base_setup/i18n/es_419.po for language es_UY 
2024-01-16 23:15:35,588 1 INFO odoo17 odoo.modules.loading: Module base_setup loaded in 0.06s, 145 queries (+145 other) 
2024-01-16 23:15:35,588 1 INFO odoo17 odoo.modules.loading: Loading module bus (7/11) 
2024-01-16 23:15:35,600 1 INFO odoo17 odoo.modules.registry: module bus: creating or updating database tables 
2024-01-16 23:15:35,631 1 INFO odoo17 odoo.modules.loading: loading bus/security/ir.model.access.csv 
2024-01-16 23:15:35,637 1 INFO odoo17 odoo.addons.base.models.ir_module: module bus: loading translation file /usr/lib/python3/dist-packages/odoo/addons/bus/i18n/es_419.po for language es_UY 
2024-01-16 23:15:35,637 1 INFO odoo17 odoo.tools.translate: loading base translation file /usr/lib/python3/dist-packages/odoo/addons/bus/i18n/es_419.po for language es_UY 
2024-01-16 23:15:35,643 1 INFO odoo17 odoo.modules.loading: Module bus loaded in 0.05s, 111 queries (+111 other) 
2024-01-16 23:15:35,643 1 INFO odoo17 odoo.modules.loading: Loading module web_tour (8/11) 
2024-01-16 23:15:35,650 1 INFO odoo17 odoo.modules.registry: module web_tour: creating or updating database tables 
2024-01-16 23:15:35,664 1 INFO odoo17 odoo.modules.loading: loading web_tour/security/ir.model.access.csv 
2024-01-16 23:15:35,669 1 INFO odoo17 odoo.modules.loading: loading web_tour/security/ir.rule.csv 
2024-01-16 23:15:35,672 1 INFO odoo17 odoo.modules.loading: loading web_tour/views/tour_views.xml 
2024-01-16 23:15:35,680 1 INFO odoo17 odoo.addons.base.models.ir_module: module web_tour: loading translation file /usr/lib/python3/dist-packages/odoo/addons/web_tour/i18n/es_419.po for language es_UY 
2024-01-16 23:15:35,681 1 INFO odoo17 odoo.tools.translate: loading base translation file /usr/lib/python3/dist-packages/odoo/addons/web_tour/i18n/es_419.po for language es_UY 
2024-01-16 23:15:35,687 1 INFO odoo17 odoo.modules.loading: Module web_tour loaded in 0.04s, 110 queries (+110 other) 
2024-01-16 23:15:35,687 1 INFO odoo17 odoo.modules.loading: Loading module iap (9/11) 
2024-01-16 23:15:35,695 1 INFO odoo17 odoo.modules.registry: module iap: creating or updating database tables 
2024-01-16 23:15:35,728 1 INFO odoo17 odoo.modules.loading: loading iap/security/ir.model.access.csv 
2024-01-16 23:15:35,732 1 INFO odoo17 odoo.modules.loading: loading iap/security/ir_rule.xml 
2024-01-16 23:15:35,734 1 INFO odoo17 odoo.modules.loading: loading iap/views/iap_views.xml 
2024-01-16 23:15:35,743 1 INFO odoo17 odoo.modules.loading: loading iap/views/res_config_settings.xml 
2024-01-16 23:15:35,748 1 INFO odoo17 odoo.addons.base.models.ir_module: module iap: loading translation file /usr/lib/python3/dist-packages/odoo/addons/iap/i18n/es_419.po for language es_UY 
2024-01-16 23:15:35,748 1 INFO odoo17 odoo.tools.translate: loading base translation file /usr/lib/python3/dist-packages/odoo/addons/iap/i18n/es_419.po for language es_UY 
2024-01-16 23:15:35,759 1 INFO odoo17 odoo.modules.loading: Module iap loaded in 0.07s, 158 queries (+158 other) 
2024-01-16 23:15:35,759 1 INFO odoo17 odoo.modules.loading: Loading module web_editor (10/11) 
2024-01-16 23:15:35,785 1 INFO odoo17 odoo.modules.registry: module web_editor: creating or updating database tables 
2024-01-16 23:15:35,985 1 INFO odoo17 odoo.modules.loading: loading web_editor/security/ir.model.access.csv 
2024-01-16 23:15:35,989 1 INFO odoo17 odoo.modules.loading: loading web_editor/data/editor_assets.xml 
2024-01-16 23:15:35,991 1 INFO odoo17 odoo.modules.loading: loading web_editor/views/editor.xml 
2024-01-16 23:15:35,997 1 INFO odoo17 odoo.modules.loading: loading web_editor/views/snippets.xml 
2024-01-16 23:15:36,010 1 INFO odoo17 odoo.addons.base.models.ir_module: module web_editor: loading translation file /usr/lib/python3/dist-packages/odoo/addons/web_editor/i18n/es_419.po for language es_UY 
2024-01-16 23:15:36,011 1 INFO odoo17 odoo.tools.translate: loading base translation file /usr/lib/python3/dist-packages/odoo/addons/web_editor/i18n/es_419.po for language es_UY 
2024-01-16 23:15:36,038 1 INFO odoo17 odoo.modules.loading: Module web_editor loaded in 0.28s, 865 queries (+865 other) 
2024-01-16 23:15:36,038 1 INFO odoo17 odoo.modules.loading: Loading module web_unsplash (11/11) 
2024-01-16 23:15:36,047 1 INFO odoo17 odoo.modules.registry: module web_unsplash: creating or updating database tables 
2024-01-16 23:15:36,065 1 INFO odoo17 odoo.modules.loading: loading web_unsplash/views/res_config_settings_view.xml 
2024-01-16 23:15:36,073 1 INFO odoo17 odoo.addons.base.models.ir_module: module web_unsplash: loading translation file /usr/lib/python3/dist-packages/odoo/addons/web_unsplash/i18n/es_419.po for language es_UY 
2024-01-16 23:15:36,074 1 INFO odoo17 odoo.tools.translate: loading base translation file /usr/lib/python3/dist-packages/odoo/addons/web_unsplash/i18n/es_419.po for language es_UY 
2024-01-16 23:15:36,079 1 INFO odoo17 odoo.modules.loading: Module web_unsplash loaded in 0.04s, 98 queries (+98 other) 
2024-01-16 23:15:36,079 1 INFO odoo17 odoo.modules.loading: 11 modules loaded in 1.32s, 3524 queries (+3524 extra) 
2024-01-16 23:15:36,196 1 INFO odoo17 odoo.modules.loading: Modules loaded. 
2024-01-16 23:15:36,197 1 INFO odoo17 odoo.modules.registry: Registry loaded in 5.526s 
2024-01-16 23:15:36,199 1 INFO odoo17 odoo.addons.base.models.ir_module: module base: loading translation file /usr/lib/python3/dist-packages/odoo/addons/base/i18n/es_419.po for language es_UY 
2024-01-16 23:15:36,199 1 INFO odoo17 odoo.tools.translate: loading base translation file /usr/lib/python3/dist-packages/odoo/addons/base/i18n/es_419.po for language es_UY 
2024-01-16 23:15:36,348 1 INFO odoo17 odoo.addons.base.models.ir_module: module web: loading translation file /usr/lib/python3/dist-packages/odoo/addons/web/i18n/es_419.po for language es_UY 
2024-01-16 23:15:36,348 1 INFO odoo17 odoo.tools.translate: loading base translation file /usr/lib/python3/dist-packages/odoo/addons/web/i18n/es_419.po for language es_UY 
2024-01-16 23:15:36,476 1 INFO odoo17 odoo.addons.base.models.ir_module: module auth_totp: loading translation file /usr/lib/python3/dist-packages/odoo/addons/auth_totp/i18n/es_419.po for language es_UY 
2024-01-16 23:15:36,476 1 INFO odoo17 odoo.tools.translate: loading base translation file /usr/lib/python3/dist-packages/odoo/addons/auth_totp/i18n/es_419.po for language es_UY 
2024-01-16 23:15:36,479 1 INFO odoo17 odoo.addons.base.models.ir_module: module base_import: loading translation file /usr/lib/python3/dist-packages/odoo/addons/base_import/i18n/es_419.po for language es_UY 
2024-01-16 23:15:36,479 1 INFO odoo17 odoo.tools.translate: loading base translation file /usr/lib/python3/dist-packages/odoo/addons/base_import/i18n/es_419.po for language es_UY 
2024-01-16 23:15:36,483 1 INFO odoo17 odoo.addons.base.models.ir_module: module base_import_module: loading translation file /usr/lib/python3/dist-packages/odoo/addons/base_import_module/i18n/es_419.po for language es_UY 
2024-01-16 23:15:36,483 1 INFO odoo17 odoo.tools.translate: loading base translation file /usr/lib/python3/dist-packages/odoo/addons/base_import_module/i18n/es_419.po for language es_UY 
2024-01-16 23:15:36,485 1 INFO odoo17 odoo.addons.base.models.ir_module: module base_setup: loading translation file /usr/lib/python3/dist-packages/odoo/addons/base_setup/i18n/es_419.po for language es_UY 
2024-01-16 23:15:36,485 1 INFO odoo17 odoo.tools.translate: loading base translation file /usr/lib/python3/dist-packages/odoo/addons/base_setup/i18n/es_419.po for language es_UY 
2024-01-16 23:15:36,488 1 INFO odoo17 odoo.addons.base.models.ir_module: module bus: loading translation file /usr/lib/python3/dist-packages/odoo/addons/bus/i18n/es_419.po for language es_UY 
2024-01-16 23:15:36,488 1 INFO odoo17 odoo.tools.translate: loading base translation file /usr/lib/python3/dist-packages/odoo/addons/bus/i18n/es_419.po for language es_UY 
2024-01-16 23:15:36,490 1 INFO odoo17 odoo.addons.base.models.ir_module: module iap: loading translation file /usr/lib/python3/dist-packages/odoo/addons/iap/i18n/es_419.po for language es_UY 
2024-01-16 23:15:36,490 1 INFO odoo17 odoo.tools.translate: loading base translation file /usr/lib/python3/dist-packages/odoo/addons/iap/i18n/es_419.po for language es_UY 
2024-01-16 23:15:36,491 1 INFO odoo17 odoo.addons.base.models.ir_module: module web_editor: loading translation file /usr/lib/python3/dist-packages/odoo/addons/web_editor/i18n/es_419.po for language es_UY 
2024-01-16 23:15:36,492 1 INFO odoo17 odoo.tools.translate: loading base translation file /usr/lib/python3/dist-packages/odoo/addons/web_editor/i18n/es_419.po for language es_UY 
2024-01-16 23:15:36,504 1 INFO odoo17 odoo.addons.base.models.ir_module: module web_tour: loading translation file /usr/lib/python3/dist-packages/odoo/addons/web_tour/i18n/es_419.po for language es_UY 
2024-01-16 23:15:36,505 1 INFO odoo17 odoo.tools.translate: loading base translation file /usr/lib/python3/dist-packages/odoo/addons/web_tour/i18n/es_419.po for language es_UY 
2024-01-16 23:15:36,506 1 INFO odoo17 odoo.addons.base.models.ir_module: module web_unsplash: loading translation file /usr/lib/python3/dist-packages/odoo/addons/web_unsplash/i18n/es_419.po for language es_UY 
2024-01-16 23:15:36,506 1 INFO odoo17 odoo.tools.translate: loading base translation file /usr/lib/python3/dist-packages/odoo/addons/web_unsplash/i18n/es_419.po for language es_UY 
2024-01-16 23:15:37,142 1 INFO odoo17 odoo.addons.base.models.res_users: Login successful for db:odoo17 login:alaynsn@gmail.com from 192.168.65.1 
2024-01-16 23:15:37,146 1 INFO odoo17 werkzeug: 192.168.65.1 - - [16/Jan/2024 23:15:37] "POST /web/database/create HTTP/1.1" 303 - 16891 3.704 3.726
2024-01-16 23:15:37,154 1 INFO odoo17 odoo.addons.base.models.ir_http: Generating routing map for key None 
2024-01-16 23:15:37,169 1 INFO odoo17 werkzeug: 192.168.65.1 - - [16/Jan/2024 23:15:37] "GET /web HTTP/1.1" 303 - 9 0.002 0.014
2024-01-16 23:15:37,233 1 INFO odoo17 werkzeug: 192.168.65.1 - - [16/Jan/2024 23:15:37] "GET /web/login HTTP/1.1" 200 - 53 0.007 0.053
2024-01-16 23:15:37,283 1 INFO odoo17 werkzeug: 192.168.65.1 - - [16/Jan/2024 23:15:37] "GET /web/binary/company_logo HTTP/1.1" 200 - 5 0.004 0.012
2024-01-16 23:15:37,669 1 INFO odoo17 werkzeug: 192.168.65.1 - - [16/Jan/2024 23:15:37] "GET /web/webclient/translations/1705446937338 HTTP/1.1" 200 - 7 0.002 0.326
2024-01-16 23:15:38,903 1 INFO odoo17 werkzeug: 192.168.65.1 - - [16/Jan/2024 23:15:38] "GET /web/service-worker.js HTTP/1.1" 200 - 5 0.004 0.016
2024-01-16 23:15:45,226 1 INFO odoo17 odoo.addons.base.models.res_users: Login successful for db:odoo17 login:alaynsn@gmail.com from 192.168.65.1 
2024-01-16 23:15:45,230 1 INFO odoo17 werkzeug: 192.168.65.1 - - [16/Jan/2024 23:15:45] "POST /web/login HTTP/1.1" 303 - 32 0.025 0.280
2024-01-16 23:15:45,303 1 INFO odoo17 werkzeug: 192.168.65.1 - - [16/Jan/2024 23:15:45] "GET /web HTTP/1.1" 200 - 59 0.014 0.054
2024-01-16 23:15:45,395 1 INFO odoo17 odoo.addons.base.models.assetsbundle: Generating a new asset bundle attachment /web/assets/ba037c6/bus.websocket_worker_assets.min.js (id:13) 
2024-01-16 23:15:45,402 1 INFO odoo17 werkzeug: 192.168.65.1 - - [16/Jan/2024 23:15:45] "GET /bus/websocket_worker_bundle?v=1.0.7 HTTP/1.1" 200 - 11 0.005 0.020
2024-01-16 23:15:45,414 1 INFO odoo17 werkzeug: 192.168.65.1 - - [16/Jan/2024 23:15:45] "GET /web/image?model=res.users&field=avatar_128&id=2 HTTP/1.1" 200 - 8 0.008 0.014
2024-01-16 23:15:45,421 1 INFO odoo17 werkzeug: 192.168.65.1 - - [16/Jan/2024 23:15:45] "GET /websocket HTTP/1.1" 101 - 1 0.001 0.008
2024-01-16 23:15:45,422 1 INFO odoo17 werkzeug: 192.168.65.1 - - [16/Jan/2024 23:15:45] "POST /web/action/load HTTP/1.1" 200 - 9 0.015 0.015
2024-01-16 23:15:45,430 1 INFO odoo17 werkzeug: 192.168.65.1 - - [16/Jan/2024 23:15:45] "GET /web/manifest.webmanifest HTTP/1.1" 200 - 7 0.004 0.006
2024-01-16 23:15:45,430 1 INFO ? odoo.addons.bus.models.bus: Bus.loop listen imbus on db postgres 
2024-01-16 23:15:45,468 1 INFO odoo17 werkzeug: 192.168.65.1 - - [16/Jan/2024 23:15:45] "POST /web/dataset/call_kw/ir.module.module/get_views HTTP/1.1" 200 - 48 0.010 0.013
2024-01-16 23:15:45,479 1 INFO odoo17 werkzeug: 192.168.65.1 - - [16/Jan/2024 23:15:45] "POST /web/dataset/call_kw/ir.module.module/search_panel_select_range HTTP/1.1" 200 - 1 0.000 0.003
2024-01-16 23:15:45,493 1 INFO odoo17 werkzeug: 192.168.65.1 - - [16/Jan/2024 23:15:45] "POST /web/dataset/call_kw/ir.module.module/search_panel_select_range HTTP/1.1" 200 - 39 0.010 0.007
2024-01-16 23:15:45,505 1 INFO odoo17 werkzeug: 192.168.65.1 - - [16/Jan/2024 23:15:45] "POST /web/dataset/call_kw/ir.module.module/web_search_read HTTP/1.1" 200 - 4 0.002 0.026
2024-01-16 23:15:47,191 1 INFO odoo17 werkzeug: 192.168.65.1 - - [16/Jan/2024 23:15:47] "GET /web/service-worker.js HTTP/1.1" 200 - 1 0.001 0.009
2024-01-16 23:15:57,259 1 INFO odoo17 odoo.addons.base.models.ir_cron: Starting job `Base: Auto-vacuum internal data`. 
2024-01-16 23:15:57,288 1 INFO odoo17 odoo.addons.base.models.ir_attachment: filestore gc 10 checked, 0 removed 
2024-01-16 23:15:57,316 1 INFO odoo17 odoo.addons.base.models.res_users: GC'd 1 user log entries 
2024-01-16 23:15:57,329 1 INFO odoo17 odoo.addons.auth_totp.models.auth_totp: GC'd 0 totp devices entries 
2024-01-16 23:15:57,336 1 INFO odoo17 odoo.addons.base.models.ir_cron: Job `Base: Auto-vacuum internal data` done. 
2024-01-16 23:15:57,339 1 INFO odoo17 odoo.addons.base.models.ir_cron: Starting job `Base: Portal Users Deletion`. 
2024-01-16 23:15:57,341 1 INFO odoo17 odoo.addons.base.models.ir_cron: Job `Base: Portal Users Deletion` done. 
2024-01-16 23:16:02,670 1 INFO odoo17 werkzeug: 192.168.65.1 - - [16/Jan/2024 23:16:02] "GET /web?debug=1 HTTP/1.1" 200 - 22 0.017 0.042
2024-01-16 23:16:02,747 1 INFO odoo17 werkzeug: 192.168.65.1 - - [16/Jan/2024 23:16:02] "GET /bus/websocket_worker_bundle?v=1.0.7 HTTP/1.1" 304 - 3 0.002 0.004
2024-01-16 23:16:02,750 1 INFO odoo17 werkzeug: 192.168.65.1 - - [16/Jan/2024 23:16:02] "POST /web/action/load HTTP/1.1" 200 - 9 0.004 0.006
2024-01-16 23:16:02,762 1 INFO odoo17 werkzeug: 192.168.65.1 - - [16/Jan/2024 23:16:02] "GET /web/image?model=res.users&field=avatar_128&id=2 HTTP/1.1" 304 - 8 0.001 0.004
2024-01-16 23:16:02,788 1 INFO odoo17 werkzeug: 192.168.65.1 - - [16/Jan/2024 23:16:02] "POST /web/dataset/call_kw/ir.module.module/get_views HTTP/1.1" 200 - 2 0.001 0.011
2024-01-16 23:16:02,792 1 INFO odoo17 werkzeug: 192.168.65.1 - - [16/Jan/2024 23:16:02] "GET /websocket HTTP/1.1" 101 - 1 0.001 0.009
2024-01-16 23:16:02,792 1 INFO odoo17 werkzeug: 192.168.65.1 - - [16/Jan/2024 23:16:02] "GET /web/manifest.webmanifest HTTP/1.1" 200 - 5 0.004 0.006
2024-01-16 23:16:02,818 1 INFO odoo17 werkzeug: 192.168.65.1 - - [16/Jan/2024 23:16:02] "POST /web/dataset/call_kw/ir.module.module/search_panel_select_range HTTP/1.1" 200 - 1 0.000 0.020
2024-01-16 23:16:02,833 1 INFO odoo17 werkzeug: 192.168.65.1 - - [16/Jan/2024 23:16:02] "POST /web/dataset/call_kw/ir.module.module/search_panel_select_range HTTP/1.1" 200 - 38 0.011 0.023
2024-01-16 23:16:02,837 1 INFO odoo17 werkzeug: 192.168.65.1 - - [16/Jan/2024 23:16:02] "POST /web/dataset/call_kw/ir.module.module/web_search_read HTTP/1.1" 200 - 3 0.002 0.036
2024-01-16 23:16:04,467 1 INFO odoo17 werkzeug: 192.168.65.1 - - [16/Jan/2024 23:16:04] "GET /web/service-worker.js HTTP/1.1" 200 - 1 0.001 0.012
2024-01-16 23:16:05,854 1 INFO odoo17 werkzeug: 192.168.65.1 - - [16/Jan/2024 23:16:05] "GET /web/session/logout HTTP/1.1" 303 - 1 0.001 0.013
2024-01-16 23:16:05,870 1 INFO odoo17 werkzeug: 192.168.65.1 - - [16/Jan/2024 23:16:05] "GET /web HTTP/1.1" 303 - 4 0.003 0.008
2024-01-16 23:16:05,906 1 INFO odoo17 werkzeug: 192.168.65.1 - - [16/Jan/2024 23:16:05] "GET /web/login HTTP/1.1" 200 - 7 0.006 0.025
2024-01-16 23:16:05,929 1 INFO odoo17 werkzeug: 192.168.65.1 - - [16/Jan/2024 23:16:05] "GET /web/binary/company_logo HTTP/1.1" 304 - 5 0.003 0.005
2024-01-16 23:16:05,977 1 INFO odoo17 werkzeug: 192.168.65.1 - - [16/Jan/2024 23:16:05] "GET /web/webclient/translations/1705446965959 HTTP/1.1" 200 - 6 0.001 0.014
2024-01-16 23:16:07,499 1 INFO odoo17 werkzeug: 192.168.65.1 - - [16/Jan/2024 23:16:07] "GET /web/service-worker.js HTTP/1.1" 200 - 5 0.004 0.013
2024-01-16 23:27:09,090 1 ERROR ? odoo.addons.bus.models.bus: Bus.loop error, sleep and retry 
Traceback (most recent call last):
  File "/usr/lib/python3/dist-packages/odoo/addons/bus/models/bus.py", line 183, in run
    self.loop()
  File "/usr/lib/python3/dist-packages/odoo/addons/bus/models/bus.py", line 168, in loop
    conn.poll()
psycopg2.OperationalError: server closed the connection unexpectedly
	This probably means the server terminated abnormally
	before or while processing the request.

2024-01-16 23:27:09,122 1 INFO odoo17 odoo.sql_db: Connection to the database failed 
2024-01-16 23:27:09,122 1 WARNING odoo17 odoo.addons.base.models.ir_cron: Exception in cron: 
Traceback (most recent call last):
  File "/usr/lib/python3/dist-packages/odoo/addons/base/models/ir_cron.py", line 105, in _process_jobs
    with db.cursor() as cron_cr:
  File "/usr/lib/python3/dist-packages/odoo/sql_db.py", line 752, in cursor
    return Cursor(self.__pool, self.__dbname, self.__dsn)
  File "/usr/lib/python3/dist-packages/odoo/sql_db.py", line 267, in __init__
    self._cnx = pool.borrow(dsn)
  File "<decorator-gen-13>", line 2, in borrow
  File "/usr/lib/python3/dist-packages/odoo/tools/func.py", line 87, in locked
    return func(inst, *args, **kwargs)
  File "/usr/lib/python3/dist-packages/odoo/sql_db.py", line 681, in borrow
    result = psycopg2.connect(
  File "/usr/lib/python3/dist-packages/psycopg2/__init__.py", line 122, in connect
    conn = _connect(dsn, connection_factory=connection_factory, **kwasync)
psycopg2.OperationalError: connection to server at "db" (172.25.0.2), port 5432 failed: FATAL:  the database system is shutting down

2024-01-16 23:27:09,136 1 INFO odoo17 odoo.sql_db: Connection to the database failed 
2024-01-16 23:27:09,136 1 WARNING odoo17 odoo.addons.base.models.ir_cron: Exception in cron: 
Traceback (most recent call last):
  File "/usr/lib/python3/dist-packages/odoo/addons/base/models/ir_cron.py", line 105, in _process_jobs
    with db.cursor() as cron_cr:
  File "/usr/lib/python3/dist-packages/odoo/sql_db.py", line 752, in cursor
    return Cursor(self.__pool, self.__dbname, self.__dsn)
  File "/usr/lib/python3/dist-packages/odoo/sql_db.py", line 267, in __init__
    self._cnx = pool.borrow(dsn)
  File "<decorator-gen-13>", line 2, in borrow
  File "/usr/lib/python3/dist-packages/odoo/tools/func.py", line 87, in locked
    return func(inst, *args, **kwargs)
  File "/usr/lib/python3/dist-packages/odoo/sql_db.py", line 681, in borrow
    result = psycopg2.connect(
  File "/usr/lib/python3/dist-packages/psycopg2/__init__.py", line 122, in connect
    conn = _connect(dsn, connection_factory=connection_factory, **kwasync)
psycopg2.OperationalError: connection to server at "db" (172.25.0.2), port 5432 failed: server closed the connection unexpectedly
	This probably means the server terminated abnormally
	before or while processing the request.

2024-01-16 23:27:59,143 1 INFO ? odoo.addons.bus.models.bus: Bus.loop listen imbus on db postgres 
2024-01-16 23:31:01,409 1 INFO ? odoo.service.server: Initiating shutdown 
2024-01-16 23:31:01,411 1 INFO ? odoo.service.server: Hit CTRL-C again or send a second signal to force the shutdown. 
2024-01-16 23:31:01,514 1 INFO ? odoo.sql_db: ConnectionPool(used=0/count=0/max=64): Closed 1 connections  
2024-01-16 23:35:21,784 1 INFO ? odoo: Odoo version 17.0-20240115 
2024-01-16 23:35:21,785 1 INFO ? odoo: Using configuration file at /etc/odoo/odoo.conf 
2024-01-16 23:35:21,785 1 INFO ? odoo: addons paths: ['/usr/lib/python3/dist-packages/odoo/addons', '/etc/odoo/addons/17.0', '/mnt/extra-addons'] 
2024-01-16 23:35:21,785 1 INFO ? odoo: database: odoo@db:5432 
2024-01-16 23:35:21,842 1 INFO ? odoo.addons.base.models.ir_actions_report: Will use the Wkhtmltopdf binary at /usr/local/bin/wkhtmltopdf 
2024-01-16 23:35:21,960 1 INFO ? odoo.service.server: HTTP service (werkzeug) running on 2414917e33f2:8069 
2024-01-16 23:39:15,111 1 INFO ? odoo.sql_db: Connection to the database failed 
2024-01-16 23:39:15,130 1 INFO odoo17 werkzeug: 192.168.65.1 - - [16/Jan/2024 23:39:15] "GET / HTTP/1.1" 303 - 0 0.000 0.069
2024-01-16 23:39:15,172 1 INFO ? werkzeug: 192.168.65.1 - - [16/Jan/2024 23:39:15] "GET /web HTTP/1.1" 303 - 2 0.017 0.018
2024-01-16 23:39:15,436 1 INFO ? werkzeug: 192.168.65.1 - - [16/Jan/2024 23:39:15] "GET /web/database/selector HTTP/1.1" 200 - 2 0.003 0.257
2024-01-16 23:39:17,245 1 INFO ? werkzeug: 192.168.65.1 - - [16/Jan/2024 23:39:17] "GET /web/service-worker.js HTTP/1.1" 404 - 1 0.004 0.025
2024-01-16 23:39:36,130 1 INFO None odoo.service.db: Create database `odoo17`. 
2024-01-16 23:39:36,813 1 INFO odoo17 odoo.modules.loading: loading 1 modules... 
2024-01-16 23:39:36,813 1 INFO odoo17 odoo.modules.loading: Loading module base (1/1) 
2024-01-16 23:39:36,828 1 INFO odoo17 odoo.modules.registry: module base: creating or updating database tables 
2024-01-16 23:39:37,054 1 INFO odoo17 odoo.models: Prepare computation of ir.module.module.menus_by_module 
2024-01-16 23:39:37,054 1 INFO odoo17 odoo.models: Prepare computation of ir.module.module.reports_by_module 
2024-01-16 23:39:37,054 1 INFO odoo17 odoo.models: Prepare computation of ir.module.module.views_by_module 
2024-01-16 23:39:37,127 1 INFO odoo17 odoo.models: Prepare computation of res.partner.user_id 
2024-01-16 23:39:37,127 1 INFO odoo17 odoo.models: Prepare computation of res.partner.commercial_partner_id 
2024-01-16 23:39:37,127 1 INFO odoo17 odoo.models: Prepare computation of res.partner.complete_name 
2024-01-16 23:39:37,127 1 INFO odoo17 odoo.models: Prepare computation of res.partner.company_registry 
2024-01-16 23:39:37,127 1 INFO odoo17 odoo.models: Prepare computation of res.partner.commercial_company_name 
2024-01-16 23:39:37,128 1 INFO odoo17 odoo.models: Prepare computation of res.partner.partner_share 
2024-01-16 23:39:37,154 1 INFO odoo17 odoo.models: Prepare computation of res.currency.decimal_places 
2024-01-16 23:39:37,169 1 INFO odoo17 odoo.models: Prepare computation of res.company.uses_default_logo 
2024-01-16 23:39:37,169 1 INFO odoo17 odoo.models: Prepare computation of res.company.logo_web 
2024-01-16 23:39:37,171 1 INFO odoo17 odoo.models: Computing parent_path for table res_company... 
2024-01-16 23:39:37,184 1 INFO odoo17 odoo.models: Prepare computation of res.users.signature 
2024-01-16 23:39:37,184 1 INFO odoo17 odoo.models: Prepare computation of res.users.share 
2024-01-16 23:39:37,879 1 INFO odoo17 odoo.modules.loading: loading base/data/res_bank.xml 
2024-01-16 23:39:37,882 1 INFO odoo17 odoo.modules.loading: loading base/data/res.lang.csv 
2024-01-16 23:39:37,903 1 INFO odoo17 odoo.modules.loading: loading base/data/res_lang_data.xml 
2024-01-16 23:39:37,919 1 INFO odoo17 odoo.modules.loading: loading base/data/res_partner_data.xml 
2024-01-16 23:39:37,941 1 INFO odoo17 odoo.modules.loading: loading base/data/res_currency_data.xml 
2024-01-16 23:39:38,157 1 INFO odoo17 odoo.modules.loading: loading base/data/res_company_data.xml 
2024-01-16 23:39:38,161 1 INFO odoo17 odoo.modules.loading: loading base/data/res_users_data.xml 
2024-01-16 23:39:38,596 1 INFO odoo17 odoo.modules.loading: loading base/data/report_paperformat_data.xml 
2024-01-16 23:39:38,600 1 INFO odoo17 odoo.modules.loading: loading base/data/res_country_data.xml 
2024-01-16 23:39:38,749 1 INFO odoo17 odoo.modules.loading: loading base/data/ir_demo_data.xml 
2024-01-16 23:39:38,754 1 INFO odoo17 odoo.modules.loading: loading base/security/base_groups.xml 
2024-01-16 23:39:38,925 1 INFO odoo17 odoo.modules.loading: loading base/security/base_security.xml 
2024-01-16 23:39:38,963 1 INFO odoo17 odoo.modules.loading: loading base/views/base_menus.xml 
2024-01-16 23:39:38,989 1 INFO odoo17 odoo.modules.loading: loading base/views/decimal_precision_views.xml 
2024-01-16 23:39:38,994 1 INFO odoo17 odoo.modules.loading: loading base/views/res_config_views.xml 
2024-01-16 23:39:38,997 1 INFO odoo17 odoo.modules.loading: loading base/data/res.country.state.csv 
2024-01-16 23:39:39,380 1 INFO odoo17 odoo.modules.loading: loading base/views/ir_actions_views.xml 
2024-01-16 23:39:39,427 1 INFO odoo17 odoo.modules.loading: loading base/views/ir_asset_views.xml 
2024-01-16 23:39:39,434 1 INFO odoo17 odoo.modules.loading: loading base/views/ir_config_parameter_views.xml 
2024-01-16 23:39:39,440 1 INFO odoo17 odoo.modules.loading: loading base/views/ir_cron_views.xml 
2024-01-16 23:39:39,450 1 INFO odoo17 odoo.modules.loading: loading base/views/ir_cron_trigger_views.xml 
2024-01-16 23:39:39,456 1 INFO odoo17 odoo.modules.loading: loading base/views/ir_filters_views.xml 
2024-01-16 23:39:39,462 1 INFO odoo17 odoo.modules.loading: loading base/views/ir_mail_server_views.xml 
2024-01-16 23:39:39,469 1 INFO odoo17 odoo.modules.loading: loading base/views/ir_model_views.xml 
2024-01-16 23:39:39,522 1 INFO odoo17 odoo.modules.loading: loading base/views/ir_attachment_views.xml 
2024-01-16 23:39:39,529 1 INFO odoo17 odoo.modules.loading: loading base/views/ir_rule_views.xml 
2024-01-16 23:39:39,539 1 INFO odoo17 odoo.modules.loading: loading base/views/ir_sequence_views.xml 
2024-01-16 23:39:39,546 1 INFO odoo17 odoo.modules.loading: loading base/views/ir_ui_menu_views.xml 
2024-01-16 23:39:39,552 1 INFO odoo17 odoo.modules.loading: loading base/views/ir_ui_view_views.xml 
2024-01-16 23:39:39,567 1 INFO odoo17 odoo.modules.loading: loading base/views/ir_default_views.xml 
2024-01-16 23:39:39,574 1 INFO odoo17 odoo.modules.loading: loading base/data/ir_cron_data.xml 
2024-01-16 23:39:39,579 1 INFO odoo17 odoo.modules.loading: loading base/report/ir_model_report.xml 
2024-01-16 23:39:39,581 1 INFO odoo17 odoo.modules.loading: loading base/report/ir_model_templates.xml 
2024-01-16 23:39:39,584 1 INFO odoo17 odoo.modules.loading: loading base/views/ir_logging_views.xml 
2024-01-16 23:39:39,591 1 INFO odoo17 odoo.modules.loading: loading base/views/ir_qweb_widget_templates.xml 
2024-01-16 23:39:39,595 1 INFO odoo17 odoo.modules.loading: loading base/views/ir_module_views.xml 
2024-01-16 23:39:39,612 1 INFO odoo17 odoo.modules.loading: loading base/data/ir_module_category_data.xml 
2024-01-16 23:39:39,637 1 INFO odoo17 odoo.modules.loading: loading base/data/ir_module_module.xml 
2024-01-16 23:39:39,661 1 INFO odoo17 odoo.modules.loading: loading base/report/ir_module_reports.xml 
2024-01-16 23:39:39,663 1 INFO odoo17 odoo.modules.loading: loading base/report/ir_module_report_templates.xml 
2024-01-16 23:39:39,665 1 INFO odoo17 odoo.modules.loading: loading base/wizard/base_module_update_views.xml 
2024-01-16 23:39:39,669 1 INFO odoo17 odoo.modules.loading: loading base/wizard/base_language_install_views.xml 
2024-01-16 23:39:39,674 1 INFO odoo17 odoo.modules.loading: loading base/wizard/base_import_language_views.xml 
2024-01-16 23:39:39,678 1 INFO odoo17 odoo.modules.loading: loading base/wizard/base_module_upgrade_views.xml 
2024-01-16 23:39:39,684 1 INFO odoo17 odoo.modules.loading: loading base/wizard/base_module_uninstall_views.xml 
2024-01-16 23:39:39,687 1 INFO odoo17 odoo.modules.loading: loading base/wizard/base_export_language_views.xml 
2024-01-16 23:39:39,692 1 INFO odoo17 odoo.modules.loading: loading base/wizard/base_partner_merge_views.xml 
2024-01-16 23:39:39,697 1 INFO odoo17 odoo.modules.loading: loading base/data/ir_demo_failure_data.xml 
2024-01-16 23:39:39,702 1 INFO odoo17 odoo.modules.loading: loading base/views/ir_profile_views.xml 
2024-01-16 23:39:39,710 1 INFO odoo17 odoo.modules.loading: loading base/views/res_company_views.xml 
2024-01-16 23:39:39,717 1 INFO odoo17 odoo.modules.loading: loading base/views/res_lang_views.xml 
2024-01-16 23:39:39,725 1 INFO odoo17 odoo.modules.loading: loading base/views/res_partner_views.xml 
2024-01-16 23:39:39,761 1 INFO odoo17 odoo.modules.loading: loading base/views/res_bank_views.xml 
2024-01-16 23:39:39,773 1 INFO odoo17 odoo.modules.loading: loading base/views/res_country_views.xml 
2024-01-16 23:39:39,788 1 INFO odoo17 odoo.modules.loading: loading base/views/res_currency_views.xml 
2024-01-16 23:39:39,808 1 INFO odoo17 odoo.modules.loading: loading base/views/res_users_views.xml 
2024-01-16 23:39:39,847 1 INFO odoo17 odoo.modules.loading: loading base/views/res_users_identitycheck_views.xml 
2024-01-16 23:39:39,850 1 INFO odoo17 odoo.modules.loading: loading base/views/ir_property_views.xml 
2024-01-16 23:39:39,856 1 INFO odoo17 odoo.modules.loading: loading base/views/res_config_settings_views.xml 
2024-01-16 23:39:39,859 1 INFO odoo17 odoo.modules.loading: loading base/views/report_paperformat_views.xml 
2024-01-16 23:39:39,868 1 INFO odoo17 odoo.modules.loading: loading base/security/ir.model.access.csv 
2024-01-16 23:39:39,916 1 INFO odoo17 odoo.addons.base.models.ir_module: module base: loading translation file /usr/lib/python3/dist-packages/odoo/addons/base/i18n/es_419.po for language es_UY 
2024-01-16 23:39:39,916 1 INFO odoo17 odoo.tools.translate: loading base translation file /usr/lib/python3/dist-packages/odoo/addons/base/i18n/es_419.po for language es_UY 
2024-01-16 23:39:40,299 1 INFO odoo17 odoo.modules.loading: Module base loaded in 3.49s, 7928 queries (+7928 other) 
2024-01-16 23:39:40,299 1 INFO odoo17 odoo.modules.loading: 1 modules loaded in 3.49s, 7928 queries (+7928 extra) 
2024-01-16 23:39:40,314 1 INFO odoo17 odoo.addons.base.models.ir_module: module base: loading translation file /usr/lib/python3/dist-packages/odoo/addons/base/i18n/es_419.po for language es_UY 
2024-01-16 23:39:40,314 1 INFO odoo17 odoo.tools.translate: loading base translation file /usr/lib/python3/dist-packages/odoo/addons/base/i18n/es_419.po for language es_UY 
2024-01-16 23:39:40,659 1 INFO odoo17 odoo.modules.loading: updating modules list 
2024-01-16 23:39:40,659 1 INFO odoo17 odoo.addons.base.models.ir_module: ALLOW access to module.update_list on [] to user __system__ #1 via n/a 
2024-01-16 23:39:40,912 1 INFO odoo17 odoo.modules.loading: loading 11 modules... 
2024-01-16 23:39:40,912 1 INFO odoo17 odoo.modules.loading: Loading module web (2/11) 
2024-01-16 23:39:40,922 1 INFO odoo17 odoo.modules.registry: module web: creating or updating database tables 
2024-01-16 23:39:41,108 1 INFO odoo17 odoo.modules.loading: loading web/security/ir.model.access.csv 
2024-01-16 23:39:41,114 1 INFO odoo17 odoo.modules.loading: loading web/views/webclient_templates.xml 
2024-01-16 23:39:41,130 1 INFO odoo17 odoo.modules.loading: loading web/views/report_templates.xml 
2024-01-16 23:39:41,155 1 INFO odoo17 odoo.modules.loading: loading web/views/base_document_layout_views.xml 
2024-01-16 23:39:41,160 1 INFO odoo17 odoo.modules.loading: loading web/views/partner_view.xml 
2024-01-16 23:39:41,162 1 INFO odoo17 odoo.modules.loading: loading web/views/speedscope_template.xml 
2024-01-16 23:39:41,164 1 INFO odoo17 odoo.modules.loading: loading web/views/neutralize_views.xml 
2024-01-16 23:39:41,166 1 INFO odoo17 odoo.modules.loading: loading web/data/ir_attachment.xml 
2024-01-16 23:39:41,169 1 INFO odoo17 odoo.modules.loading: loading web/data/report_layout.xml 
2024-01-16 23:39:41,182 1 INFO odoo17 odoo.addons.base.models.ir_module: module web: loading translation file /usr/lib/python3/dist-packages/odoo/addons/web/i18n/es_419.po for language es_UY 
2024-01-16 23:39:41,182 1 INFO odoo17 odoo.tools.translate: loading base translation file /usr/lib/python3/dist-packages/odoo/addons/web/i18n/es_419.po for language es_UY 
2024-01-16 23:39:41,314 1 INFO odoo17 odoo.modules.loading: Module web loaded in 0.40s, 950 queries (+950 other) 
2024-01-16 23:39:41,314 1 INFO odoo17 odoo.modules.loading: Loading module auth_totp (3/11) 
2024-01-16 23:39:41,326 1 INFO odoo17 odoo.modules.registry: module auth_totp: creating or updating database tables 
2024-01-16 23:39:41,353 1 INFO odoo17 odoo.modules.loading: loading auth_totp/security/security.xml 
2024-01-16 23:39:41,362 1 INFO odoo17 odoo.modules.loading: loading auth_totp/security/ir.model.access.csv 
2024-01-16 23:39:41,365 1 INFO odoo17 odoo.modules.loading: loading auth_totp/data/ir_action_data.xml 
2024-01-16 23:39:41,369 1 INFO odoo17 odoo.modules.loading: loading auth_totp/views/res_users_views.xml 
2024-01-16 23:39:41,378 1 INFO odoo17 odoo.modules.loading: loading auth_totp/views/templates.xml 
2024-01-16 23:39:41,380 1 INFO odoo17 odoo.modules.loading: loading auth_totp/wizard/auth_totp_wizard_views.xml 
2024-01-16 23:39:41,384 1 INFO odoo17 odoo.addons.base.models.ir_module: module auth_totp: loading translation file /usr/lib/python3/dist-packages/odoo/addons/auth_totp/i18n/es_419.po for language es_UY 
2024-01-16 23:39:41,385 1 INFO odoo17 odoo.tools.translate: loading base translation file /usr/lib/python3/dist-packages/odoo/addons/auth_totp/i18n/es_419.po for language es_UY 
2024-01-16 23:39:41,395 1 INFO odoo17 odoo.modules.loading: Module auth_totp loaded in 0.08s, 179 queries (+179 other) 
2024-01-16 23:39:41,395 1 INFO odoo17 odoo.modules.loading: Loading module base_import (4/11) 
2024-01-16 23:39:41,416 1 INFO odoo17 odoo.modules.registry: module base_import: creating or updating database tables 
2024-01-16 23:39:41,595 1 INFO odoo17 odoo.modules.loading: loading base_import/security/ir.model.access.csv 
2024-01-16 23:39:41,601 1 INFO odoo17 odoo.addons.base.models.ir_module: module base_import: loading translation file /usr/lib/python3/dist-packages/odoo/addons/base_import/i18n/es_419.po for language es_UY 
2024-01-16 23:39:41,601 1 INFO odoo17 odoo.tools.translate: loading base translation file /usr/lib/python3/dist-packages/odoo/addons/base_import/i18n/es_419.po for language es_UY 
2024-01-16 23:39:41,609 1 INFO odoo17 odoo.modules.loading: Module base_import loaded in 0.21s, 757 queries (+757 other) 
2024-01-16 23:39:41,609 1 INFO odoo17 odoo.modules.loading: Loading module base_import_module (5/11) 
2024-01-16 23:39:41,618 1 INFO odoo17 odoo.modules.registry: module base_import_module: creating or updating database tables 
2024-01-16 23:39:41,649 1 INFO odoo17 odoo.modules.loading: loading base_import_module/security/ir.model.access.csv 
2024-01-16 23:39:41,653 1 INFO odoo17 odoo.modules.loading: loading base_import_module/views/base_import_module_view.xml 
2024-01-16 23:39:41,659 1 INFO odoo17 odoo.modules.loading: loading base_import_module/views/ir_module_views.xml 
2024-01-16 23:39:41,670 1 INFO odoo17 odoo.addons.base.models.ir_module: module base_import_module: loading translation file /usr/lib/python3/dist-packages/odoo/addons/base_import_module/i18n/es_419.po for language es_UY 
2024-01-16 23:39:41,670 1 INFO odoo17 odoo.tools.translate: loading base translation file /usr/lib/python3/dist-packages/odoo/addons/base_import_module/i18n/es_419.po for language es_UY 
2024-01-16 23:39:41,679 1 INFO odoo17 odoo.modules.loading: Module base_import_module loaded in 0.07s, 151 queries (+151 other) 
2024-01-16 23:39:41,679 1 INFO odoo17 odoo.modules.loading: Loading module base_setup (6/11) 
2024-01-16 23:39:41,687 1 INFO odoo17 odoo.modules.registry: module base_setup: creating or updating database tables 
2024-01-16 23:39:41,707 1 INFO odoo17 odoo.modules.loading: loading base_setup/data/base_setup_data.xml 
2024-01-16 23:39:41,710 1 INFO odoo17 odoo.modules.loading: loading base_setup/views/res_config_settings_views.xml 
2024-01-16 23:39:41,720 1 INFO odoo17 odoo.modules.loading: loading base_setup/views/res_partner_views.xml 
2024-01-16 23:39:41,725 1 INFO odoo17 odoo.addons.base.models.ir_module: module base_setup: loading translation file /usr/lib/python3/dist-packages/odoo/addons/base_setup/i18n/es_419.po for language es_UY 
2024-01-16 23:39:41,725 1 INFO odoo17 odoo.tools.translate: loading base translation file /usr/lib/python3/dist-packages/odoo/addons/base_setup/i18n/es_419.po for language es_UY 
2024-01-16 23:39:41,737 1 INFO odoo17 odoo.modules.loading: Module base_setup loaded in 0.06s, 145 queries (+145 other) 
2024-01-16 23:39:41,737 1 INFO odoo17 odoo.modules.loading: Loading module bus (7/11) 
2024-01-16 23:39:41,749 1 INFO odoo17 odoo.modules.registry: module bus: creating or updating database tables 
2024-01-16 23:39:41,780 1 INFO odoo17 odoo.modules.loading: loading bus/security/ir.model.access.csv 
2024-01-16 23:39:41,786 1 INFO odoo17 odoo.addons.base.models.ir_module: module bus: loading translation file /usr/lib/python3/dist-packages/odoo/addons/bus/i18n/es_419.po for language es_UY 
2024-01-16 23:39:41,786 1 INFO odoo17 odoo.tools.translate: loading base translation file /usr/lib/python3/dist-packages/odoo/addons/bus/i18n/es_419.po for language es_UY 
2024-01-16 23:39:41,792 1 INFO odoo17 odoo.modules.loading: Module bus loaded in 0.06s, 111 queries (+111 other) 
2024-01-16 23:39:41,792 1 INFO odoo17 odoo.modules.loading: Loading module web_tour (8/11) 
2024-01-16 23:39:41,800 1 INFO odoo17 odoo.modules.registry: module web_tour: creating or updating database tables 
2024-01-16 23:39:41,813 1 INFO odoo17 odoo.modules.loading: loading web_tour/security/ir.model.access.csv 
2024-01-16 23:39:41,818 1 INFO odoo17 odoo.modules.loading: loading web_tour/security/ir.rule.csv 
2024-01-16 23:39:41,822 1 INFO odoo17 odoo.modules.loading: loading web_tour/views/tour_views.xml 
2024-01-16 23:39:41,831 1 INFO odoo17 odoo.addons.base.models.ir_module: module web_tour: loading translation file /usr/lib/python3/dist-packages/odoo/addons/web_tour/i18n/es_419.po for language es_UY 
2024-01-16 23:39:41,831 1 INFO odoo17 odoo.tools.translate: loading base translation file /usr/lib/python3/dist-packages/odoo/addons/web_tour/i18n/es_419.po for language es_UY 
2024-01-16 23:39:41,838 1 INFO odoo17 odoo.modules.loading: Module web_tour loaded in 0.05s, 110 queries (+110 other) 
2024-01-16 23:39:41,838 1 INFO odoo17 odoo.modules.loading: Loading module iap (9/11) 
2024-01-16 23:39:41,847 1 INFO odoo17 odoo.modules.registry: module iap: creating or updating database tables 
2024-01-16 23:39:41,877 1 INFO odoo17 odoo.modules.loading: loading iap/security/ir.model.access.csv 
2024-01-16 23:39:41,882 1 INFO odoo17 odoo.modules.loading: loading iap/security/ir_rule.xml 
2024-01-16 23:39:41,885 1 INFO odoo17 odoo.modules.loading: loading iap/views/iap_views.xml 
2024-01-16 23:39:41,893 1 INFO odoo17 odoo.modules.loading: loading iap/views/res_config_settings.xml 
2024-01-16 23:39:41,899 1 INFO odoo17 odoo.addons.base.models.ir_module: module iap: loading translation file /usr/lib/python3/dist-packages/odoo/addons/iap/i18n/es_419.po for language es_UY 
2024-01-16 23:39:41,899 1 INFO odoo17 odoo.tools.translate: loading base translation file /usr/lib/python3/dist-packages/odoo/addons/iap/i18n/es_419.po for language es_UY 
2024-01-16 23:39:41,909 1 INFO odoo17 odoo.modules.loading: Module iap loaded in 0.07s, 158 queries (+158 other) 
2024-01-16 23:39:41,909 1 INFO odoo17 odoo.modules.loading: Loading module web_editor (10/11) 
2024-01-16 23:39:41,936 1 INFO odoo17 odoo.modules.registry: module web_editor: creating or updating database tables 
2024-01-16 23:39:42,134 1 INFO odoo17 odoo.modules.loading: loading web_editor/security/ir.model.access.csv 
2024-01-16 23:39:42,139 1 INFO odoo17 odoo.modules.loading: loading web_editor/data/editor_assets.xml 
2024-01-16 23:39:42,141 1 INFO odoo17 odoo.modules.loading: loading web_editor/views/editor.xml 
2024-01-16 23:39:42,147 1 INFO odoo17 odoo.modules.loading: loading web_editor/views/snippets.xml 
2024-01-16 23:39:42,161 1 INFO odoo17 odoo.addons.base.models.ir_module: module web_editor: loading translation file /usr/lib/python3/dist-packages/odoo/addons/web_editor/i18n/es_419.po for language es_UY 
2024-01-16 23:39:42,161 1 INFO odoo17 odoo.tools.translate: loading base translation file /usr/lib/python3/dist-packages/odoo/addons/web_editor/i18n/es_419.po for language es_UY 
2024-01-16 23:39:42,187 1 INFO odoo17 odoo.modules.loading: Module web_editor loaded in 0.28s, 865 queries (+865 other) 
2024-01-16 23:39:42,187 1 INFO odoo17 odoo.modules.loading: Loading module web_unsplash (11/11) 
2024-01-16 23:39:42,197 1 INFO odoo17 odoo.modules.registry: module web_unsplash: creating or updating database tables 
2024-01-16 23:39:42,215 1 INFO odoo17 odoo.modules.loading: loading web_unsplash/views/res_config_settings_view.xml 
2024-01-16 23:39:42,224 1 INFO odoo17 odoo.addons.base.models.ir_module: module web_unsplash: loading translation file /usr/lib/python3/dist-packages/odoo/addons/web_unsplash/i18n/es_419.po for language es_UY 
2024-01-16 23:39:42,224 1 INFO odoo17 odoo.tools.translate: loading base translation file /usr/lib/python3/dist-packages/odoo/addons/web_unsplash/i18n/es_419.po for language es_UY 
2024-01-16 23:39:42,229 1 INFO odoo17 odoo.modules.loading: Module web_unsplash loaded in 0.04s, 98 queries (+98 other) 
2024-01-16 23:39:42,229 1 INFO odoo17 odoo.modules.loading: 11 modules loaded in 1.32s, 3524 queries (+3524 extra) 
2024-01-16 23:39:42,345 1 INFO odoo17 odoo.modules.loading: Modules loaded. 
2024-01-16 23:39:42,346 1 INFO odoo17 odoo.modules.registry: Registry loaded in 5.543s 
2024-01-16 23:39:42,348 1 INFO odoo17 odoo.addons.base.models.ir_module: module base: loading translation file /usr/lib/python3/dist-packages/odoo/addons/base/i18n/es_419.po for language es_UY 
2024-01-16 23:39:42,348 1 INFO odoo17 odoo.tools.translate: loading base translation file /usr/lib/python3/dist-packages/odoo/addons/base/i18n/es_419.po for language es_UY 
2024-01-16 23:39:42,494 1 INFO odoo17 odoo.addons.base.models.ir_module: module web: loading translation file /usr/lib/python3/dist-packages/odoo/addons/web/i18n/es_419.po for language es_UY 
2024-01-16 23:39:42,494 1 INFO odoo17 odoo.tools.translate: loading base translation file /usr/lib/python3/dist-packages/odoo/addons/web/i18n/es_419.po for language es_UY 
2024-01-16 23:39:42,615 1 INFO odoo17 odoo.addons.base.models.ir_module: module auth_totp: loading translation file /usr/lib/python3/dist-packages/odoo/addons/auth_totp/i18n/es_419.po for language es_UY 
2024-01-16 23:39:42,615 1 INFO odoo17 odoo.tools.translate: loading base translation file /usr/lib/python3/dist-packages/odoo/addons/auth_totp/i18n/es_419.po for language es_UY 
2024-01-16 23:39:42,618 1 INFO odoo17 odoo.addons.base.models.ir_module: module base_import: loading translation file /usr/lib/python3/dist-packages/odoo/addons/base_import/i18n/es_419.po for language es_UY 
2024-01-16 23:39:42,618 1 INFO odoo17 odoo.tools.translate: loading base translation file /usr/lib/python3/dist-packages/odoo/addons/base_import/i18n/es_419.po for language es_UY 
2024-01-16 23:39:42,621 1 INFO odoo17 odoo.addons.base.models.ir_module: module base_import_module: loading translation file /usr/lib/python3/dist-packages/odoo/addons/base_import_module/i18n/es_419.po for language es_UY 
2024-01-16 23:39:42,622 1 INFO odoo17 odoo.tools.translate: loading base translation file /usr/lib/python3/dist-packages/odoo/addons/base_import_module/i18n/es_419.po for language es_UY 
2024-01-16 23:39:42,623 1 INFO odoo17 odoo.addons.base.models.ir_module: module base_setup: loading translation file /usr/lib/python3/dist-packages/odoo/addons/base_setup/i18n/es_419.po for language es_UY 
2024-01-16 23:39:42,623 1 INFO odoo17 odoo.tools.translate: loading base translation file /usr/lib/python3/dist-packages/odoo/addons/base_setup/i18n/es_419.po for language es_UY 
2024-01-16 23:39:42,626 1 INFO odoo17 odoo.addons.base.models.ir_module: module bus: loading translation file /usr/lib/python3/dist-packages/odoo/addons/bus/i18n/es_419.po for language es_UY 
2024-01-16 23:39:42,626 1 INFO odoo17 odoo.tools.translate: loading base translation file /usr/lib/python3/dist-packages/odoo/addons/bus/i18n/es_419.po for language es_UY 
2024-01-16 23:39:42,627 1 INFO odoo17 odoo.addons.base.models.ir_module: module iap: loading translation file /usr/lib/python3/dist-packages/odoo/addons/iap/i18n/es_419.po for language es_UY 
2024-01-16 23:39:42,627 1 INFO odoo17 odoo.tools.translate: loading base translation file /usr/lib/python3/dist-packages/odoo/addons/iap/i18n/es_419.po for language es_UY 
2024-01-16 23:39:42,629 1 INFO odoo17 odoo.addons.base.models.ir_module: module web_editor: loading translation file /usr/lib/python3/dist-packages/odoo/addons/web_editor/i18n/es_419.po for language es_UY 
2024-01-16 23:39:42,629 1 INFO odoo17 odoo.tools.translate: loading base translation file /usr/lib/python3/dist-packages/odoo/addons/web_editor/i18n/es_419.po for language es_UY 
2024-01-16 23:39:42,641 1 INFO odoo17 odoo.addons.base.models.ir_module: module web_tour: loading translation file /usr/lib/python3/dist-packages/odoo/addons/web_tour/i18n/es_419.po for language es_UY 
2024-01-16 23:39:42,642 1 INFO odoo17 odoo.tools.translate: loading base translation file /usr/lib/python3/dist-packages/odoo/addons/web_tour/i18n/es_419.po for language es_UY 
2024-01-16 23:39:42,643 1 INFO odoo17 odoo.addons.base.models.ir_module: module web_unsplash: loading translation file /usr/lib/python3/dist-packages/odoo/addons/web_unsplash/i18n/es_419.po for language es_UY 
2024-01-16 23:39:42,643 1 INFO odoo17 odoo.tools.translate: loading base translation file /usr/lib/python3/dist-packages/odoo/addons/web_unsplash/i18n/es_419.po for language es_UY 
2024-01-16 23:39:43,270 1 INFO odoo17 odoo.addons.base.models.res_users: Login successful for db:odoo17 login:alaynsn@gmail.com from 192.168.65.1 
2024-01-16 23:39:43,274 1 INFO odoo17 werkzeug: 192.168.65.1 - - [16/Jan/2024 23:39:43] "POST /web/database/create HTTP/1.1" 303 - 16891 3.705 3.693
2024-01-16 23:39:43,283 1 INFO odoo17 odoo.addons.base.models.ir_http: Generating routing map for key None 
2024-01-16 23:39:43,297 1 INFO odoo17 werkzeug: 192.168.65.1 - - [16/Jan/2024 23:39:43] "GET /web HTTP/1.1" 303 - 9 0.001 0.014
2024-01-16 23:39:43,360 1 INFO odoo17 werkzeug: 192.168.65.1 - - [16/Jan/2024 23:39:43] "GET /web/login HTTP/1.1" 200 - 53 0.007 0.051
2024-01-16 23:39:43,401 1 INFO odoo17 werkzeug: 192.168.65.1 - - [16/Jan/2024 23:39:43] "GET /web/binary/company_logo HTTP/1.1" 200 - 5 0.003 0.014
2024-01-16 23:39:43,789 1 INFO odoo17 werkzeug: 192.168.65.1 - - [16/Jan/2024 23:39:43] "GET /web/webclient/translations/1705448383457 HTTP/1.1" 200 - 7 0.001 0.328
2024-01-16 23:39:45,037 1 INFO odoo17 werkzeug: 192.168.65.1 - - [16/Jan/2024 23:39:45] "GET /web/service-worker.js HTTP/1.1" 200 - 5 0.003 0.015
2024-01-16 23:40:05,176 1 INFO ? odoo.service.server: Initiating shutdown 
2024-01-16 23:40:05,187 1 INFO ? odoo.service.server: Hit CTRL-C again or send a second signal to force the shutdown. 
2024-01-16 23:40:05,679 1 INFO ? odoo.sql_db: ConnectionPool(used=0/count=0/max=64): Closed 4 connections  
